Daniel Jimenez commited 51c1ad3 on Wed May 16 20:19:42 2018 +1200
Daniel Jimenez commited a250d7e on Wed May 16 18:15:55 2018 +1200
Daniel Jimenez commited d635864 on Wed May 16 12:45:19 2018 +1200
Daniel Jimenez commited 412a245 on Sun May 13 18:44:09 2018 +1200
Daniel Jimenez commited ae72cf7 on Sun May 13 18:13:22 2018 +1200
Daniel Jimenez commited e713b9c on Sun May 13 11:30:07 2018 +1200
Daniel Jimenez commited 05e8edd on Sat May 12 15:03:03 2018 +1200
Daniel Jimenez commited ce53a7f on Sat May 12 14:23:54 2018 +1200
Daniel Jimenez commited 424bbe3 on Fri May 11 13:18:13 2018 +1200
Daniel Jimenez commited d2d0df2 on Wed May 9 11:33:44 2018 +1200
Daniel Jimenez commited cb3ddb5 on Wed May 9 11:29:20 2018 +1200
Daniel Jimenez commited 5ef843d on Mon May 7 20:19:45 2018 +1200
Daniel Jimenez commited 8334460 on Mon May 7 19:11:18 2018 +1200
Daniel Jimenez commited c3722b6 on Mon May 7 15:44:55 2018 +1200
Daniel Jimenez commited 5a92b7d on Mon May 7 11:39:14 2018 +1200
Daniel Jimenez commited 52e72b1 on Mon May 7 10:27:49 2018 +1200
Daniel Jimenez commited b865e15 on Mon May 7 10:01:22 2018 +1200
Daniel Jimenez commited 8a39f0a on Mon May 7 10:00:59 2018 +1200
Daniel Jimenez commited aefa089 on Sun May 6 15:56:51 2018 +1200
Daniel Jimenez commited ed58906 on Sun May 6 15:56:33 2018 +1200
Daniel Jimenez commited 28a1953 on Sun May 6 15:40:16 2018 +1200
Daniel Jimenez commited 7e4223e on Sun May 6 10:54:19 2018 +1200
Daniel Jimenez commited a4ef8a0 on Sun May 6 10:38:11 2018 +1200
Daniel Jimenez commited 0095dbc on Sun May 6 10:35:36 2018 +1200
Daniel Jimenez commited 8c0dafd on Sat May 5 11:17:55 2018 +1200
Daniel Jimenez commited 89269a4 on Sat May 5 08:13:30 2018 +1200
Daniel Jimenez commited b8ee6f6 on Thu May 3 18:41:02 2018 +1200
Daniel Jimenez commited 0b10245 on Thu May 3 15:58:05 2018 +1200
Daniel Jimenez commited 8e4e629 on Thu May 3 11:47:31 2018 +1200
Daniel Jimenez commited c0d13ed on Thu May 3 11:39:40 2018 +1200
Daniel Jimenez commited da89439 on Thu May 3 11:35:00 2018 +1200
Daniel Jimenez commited cc03b49 on Thu May 3 11:34:07 2018 +1200
Daniel Jimenez commited e1729c7 on Thu May 3 11:32:52 2018 +1200
Daniel Jimenez commited 6bd0f46 on Thu May 3 11:25:20 2018 +1200
Daniel Jimenez commited 1776a06 on Thu May 3 11:24:38 2018 +1200
Daniel Jimenez commited 37ba146 on Wed May 2 12:32:50 2018 +1200
Daniel Jimenez commited a4e32df on Wed May 2 12:32:08 2018 +1200
Daniel Jimenez commited 025ba3b on Wed May 2 11:32:17 2018 +1200
Daniel Jimenez commited 1813a86 on Sat Apr 28 15:37:47 2018 +1200
Daniel Jimenez commited f18b962 on Sat Apr 28 15:16:03 2018 +1200
Daniel Jimenez commited e277e40 on Sat Apr 28 15:14:11 2018 +1200
Daniel Jimenez commited db858a2 on Sat Apr 28 15:04:54 2018 +1200
Daniel Jimenez commited fda3e24 on Sat Apr 28 15:00:09 2018 +1200
Daniel Jimenez commited fab6149 on Sat Apr 28 02:45:55 2018 +0000